[
  {
    "Plan": {
      "Node Type": "Limit",
      "Parallel Aware": false,
      "Async Capable": false,
      "Startup Cost": 0.43,
      "Total Cost": 8.45,
      "Plan Rows": 1,
      "Plan Width": 17,
      "Actual Startup Time": 0.007,
      "Actual Total Time": 0.008,
      "Actual Rows": 0,
      "Actual Loops": 1,
      "Output": ["appl_id"],
      "Shared Hit Blocks": 3,
      "Shared Read Blocks": 0,
      "Shared Dirtied Blocks": 0,
      "Shared Written Blocks": 0,
      "Local Hit Blocks": 0,
      "Local Read Blocks": 0,
      "Local Dirtied Blocks": 0,
      "Local Written Blocks": 0,
      "Temp Read Blocks": 0,
      "Temp Written Blocks": 0,
      "Plans": [
        {
          "Node Type": "Unique",
          "Parent Relationship": "Outer",
          "Parallel Aware": false,
          "Async Capable": false,
          "Startup Cost": 0.43,
          "Total Cost": 8.45,
          "Plan Rows": 1,
          "Plan Width": 17,
          "Actual Startup Time": 0.007,
          "Actual Total Time": 0.007,
          "Actual Rows": 0,
          "Actual Loops": 1,
          "Output": ["appl_id"],
          "Shared Hit Blocks": 3,
          "Shared Read Blocks": 0,
          "Shared Dirtied Blocks": 0,
          "Shared Written Blocks": 0,
          "Local Hit Blocks": 0,
          "Local Read Blocks": 0,
          "Local Dirtied Blocks": 0,
          "Local Written Blocks": 0,
          "Temp Read Blocks": 0,
          "Temp Written Blocks": 0,
          "Plans": [
            {
              "Node Type": "Index Only Scan",
              "Parent Relationship": "Outer",
              "Parallel Aware": false,
              "Async Capable": false,
              "Scan Direction": "Forward",
              "Index Name": "customer_address_appl_id_idx",
              "Relation Name": "customer_address",
              "Schema": "public",
              "Alias": "customer_address",
              "Startup Cost": 0.43,
              "Total Cost": 8.45,
              "Plan Rows": 1,
              "Plan Width": 17,
              "Actual Startup Time": 0.006,
              "Actual Total Time": 0.006,
              "Actual Rows": 0,
              "Actual Loops": 1,
              "Output": ["appl_id"],
              "Index Cond": "(customer_address.appl_id > 'last-appl-id'::text)",
              "Rows Removed by Index Recheck": 0,
              "Heap Fetches": 0,
              "Shared Hit Blocks": 3,
              "Shared Read Blocks": 0,
              "Shared Dirtied Blocks": 0,
              "Shared Written Blocks": 0,
              "Local Hit Blocks": 0,
              "Local Read Blocks": 0,
              "Local Dirtied Blocks": 0,
              "Local Written Blocks": 0,
              "Temp Read Blocks": 0,
              "Temp Written Blocks": 0
            }
          ]
        }
      ]
    },
    "Planning": {
      "Shared Hit Blocks": 115,
      "Shared Read Blocks": 1,
      "Shared Dirtied Blocks": 0,
      "Shared Written Blocks": 0,
      "Local Hit Blocks": 0,
      "Local Read Blocks": 0,
      "Local Dirtied Blocks": 0,
      "Local Written Blocks": 0,
      "Temp Read Blocks": 0,
      "Temp Written Blocks": 0
    },
    "Planning Time": 0.287,
    "Triggers": [
    ],
    "Execution Time": 0.044
  }
]
