[
  {
    "Plan": {
      "Node Type": "Limit",
      "Parallel Aware": false,
      "Async Capable": false,
      "Startup Cost": 1867.37,
      "Total Cost": 1876.70,
      "Plan Rows": 50,
      "Plan Width": 17,
      "Actual Startup Time": 32.715,
      "Actual Total Time": 32.872,
      "Actual Rows": 50,
      "Actual Loops": 1,
      "Output": ["appl_id"],
      "Shared Hit Blocks": 2764,
      "Shared Read Blocks": 9803,
      "Shared Dirtied Blocks": 0,
      "Shared Written Blocks": 0,
      "Local Hit Blocks": 0,
      "Local Read Blocks": 0,
      "Local Dirtied Blocks": 0,
      "Local Written Blocks": 0,
      "Temp Read Blocks": 0,
      "Temp Written Blocks": 0,
      "Plans": [
        {
          "Node Type": "Unique",
          "Parent Relationship": "Outer",
          "Parallel Aware": false,
          "Async Capable": false,
          "Startup Cost": 0.43,
          "Total Cost": 455842.52,
          "Plan Rows": 2441660,
          "Plan Width": 17,
          "Actual Startup Time": 0.022,
          "Actual Total Time": 32.553,
          "Actual Rows": 10050,
          "Actual Loops": 1,
          "Output": ["appl_id"],
          "Shared Hit Blocks": 2764,
          "Shared Read Blocks": 9803,
          "Shared Dirtied Blocks": 0,
          "Shared Written Blocks": 0,
          "Local Hit Blocks": 0,
          "Local Read Blocks": 0,
          "Local Dirtied Blocks": 0,
          "Local Written Blocks": 0,
          "Temp Read Blocks": 0,
          "Temp Written Blocks": 0,
          "Plans": [
            {
              "Node Type": "Index Only Scan",
              "Parent Relationship": "Outer",
              "Parallel Aware": false,
              "Async Capable": false,
              "Scan Direction": "Forward",
              "Index Name": "customer_address_appl_id_idx",
              "Relation Name": "customer_address",
              "Schema": "public",
              "Alias": "customer_address",
              "Startup Cost": 0.43,
              "Total Cost": 444517.95,
              "Plan Rows": 4529825,
              "Plan Width": 17,
              "Actual Startup Time": 0.021,
              "Actual Total Time": 30.946,
              "Actual Rows": 12516,
              "Actual Loops": 1,
              "Output": ["appl_id"],
              "Index Cond": "(customer_address.appl_id IS NOT NULL)",
              "Rows Removed by Index Recheck": 0,
              "Heap Fetches": 12516,
              "Shared Hit Blocks": 2764,
              "Shared Read Blocks": 9803,
              "Shared Dirtied Blocks": 0,
              "Shared Written Blocks": 0,
              "Local Hit Blocks": 0,
              "Local Read Blocks": 0,
              "Local Dirtied Blocks": 0,
              "Local Written Blocks": 0,
              "Temp Read Blocks": 0,
              "Temp Written Blocks": 0
            }
          ]
        }
      ]
    },
    "Planning": {
      "Shared Hit Blocks": 109,
      "Shared Read Blocks": 0,
      "Shared Dirtied Blocks": 0,
      "Shared Written Blocks": 0,
      "Local Hit Blocks": 0,
      "Local Read Blocks": 0,
      "Local Dirtied Blocks": 0,
      "Local Written Blocks": 0,
      "Temp Read Blocks": 0,
      "Temp Written Blocks": 0
    },
    "Planning Time": 1.423,
    "Triggers": [
    ],
    "Execution Time": 32.910
  }
]
