[
  {
    "Plan": {
      "Node Type": "Aggregate",
      "Strategy": "Plain",
      "Partial Mode": "Simple",
      "Parallel Aware": false,
      "Async Capable": false,
      "Startup Cost": 97418.25,
      "Total Cost": 97418.26,
      "Plan Rows": 1,
      "Plan Width": 8,
      "Actual Startup Time": 373.369,
      "Actual Total Time": 375.037,
      "Actual Rows": 1,
      "Actual Loops": 1,
      "Output": ["count(*)"],
      "Shared Hit Blocks": 161,
      "Shared Read Blocks": 72721,
      "Shared Dirtied Blocks": 0,
      "Shared Written Blocks": 0,
      "Local Hit Blocks": 0,
      "Local Read Blocks": 0,
      "Local Dirtied Blocks": 0,
      "Local Written Blocks": 0,
      "Temp Read Blocks": 0,
      "Temp Written Blocks": 0,
      "Plans": [
        {
          "Node Type": "Unique",
          "Parent Relationship": "Outer",
          "Parallel Aware": false,
          "Async Capable": false,
          "Startup Cost": 97368.01,
          "Total Cost": 97413.53,
          "Plan Rows": 378,
          "Plan Width": 17,
          "Actual Startup Time": 373.365,
          "Actual Total Time": 375.032,
          "Actual Rows": 0,
          "Actual Loops": 1,
          "Output": ["customer_address.appl_id"],
          "Shared Hit Blocks": 161,
          "Shared Read Blocks": 72721,
          "Shared Dirtied Blocks": 0,
          "Shared Written Blocks": 0,
          "Local Hit Blocks": 0,
          "Local Read Blocks": 0,
          "Local Dirtied Blocks": 0,
          "Local Written Blocks": 0,
          "Temp Read Blocks": 0,
          "Temp Written Blocks": 0,
          "Plans": [
            {
              "Node Type": "Gather Merge",
              "Parent Relationship": "Outer",
              "Parallel Aware": false,
              "Async Capable": false,
              "Startup Cost": 97368.01,
              "Total Cost": 97412.58,
              "Plan Rows": 378,
              "Plan Width": 17,
              "Actual Startup Time": 373.364,
              "Actual Total Time": 375.031,
              "Actual Rows": 0,
              "Actual Loops": 1,
              "Output": ["customer_address.appl_id"],
              "Workers Planned": 2,
              "Workers Launched": 2,
              "Shared Hit Blocks": 161,
              "Shared Read Blocks": 72721,
              "Shared Dirtied Blocks": 0,
              "Shared Written Blocks": 0,
              "Local Hit Blocks": 0,
              "Local Read Blocks": 0,
              "Local Dirtied Blocks": 0,
              "Local Written Blocks": 0,
              "Temp Read Blocks": 0,
              "Temp Written Blocks": 0,
              "Plans": [
                {
                  "Node Type": "Unique",
                  "Parent Relationship": "Outer",
                  "Parallel Aware": false,
                  "Async Capable": false,
                  "Startup Cost": 96367.98,
                  "Total Cost": 96368.93,
                  "Plan Rows": 189,
                  "Plan Width": 17,
                  "Actual Startup Time": 370.782,
                  "Actual Total Time": 370.783,
                  "Actual Rows": 0,
                  "Actual Loops": 3,
                  "Output": ["customer_address.appl_id"],
                  "Shared Hit Blocks": 161,
                  "Shared Read Blocks": 72721,
                  "Shared Dirtied Blocks": 0,
                  "Shared Written Blocks": 0,
                  "Local Hit Blocks": 0,
                  "Local Read Blocks": 0,
                  "Local Dirtied Blocks": 0,
                  "Local Written Blocks": 0,
                  "Temp Read Blocks": 0,
                  "Temp Written Blocks": 0,
                  "Workers": [
                    {
                      "Worker Number": 0,
                      "Actual Startup Time": 369.681,
                      "Actual Total Time": 369.682,
                      "Actual Rows": 0,
                      "Actual Loops": 1,
                      "Shared Hit Blocks": 62,
                      "Shared Read Blocks": 17199,
                      "Shared Dirtied Blocks": 0,
                      "Shared Written Blocks": 0,
                      "Local Hit Blocks": 0,
                      "Local Read Blocks": 0,
                      "Local Dirtied Blocks": 0,
                      "Local Written Blocks": 0,
                      "Temp Read Blocks": 0,
                      "Temp Written Blocks": 0
                    },
                    {
                      "Worker Number": 1,
                      "Actual Startup Time": 369.534,
                      "Actual Total Time": 369.535,
                      "Actual Rows": 0,
                      "Actual Loops": 1,
                      "Shared Hit Blocks": 71,
                      "Shared Read Blocks": 28677,
                      "Shared Dirtied Blocks": 0,
                      "Shared Written Blocks": 0,
                      "Local Hit Blocks": 0,
                      "Local Read Blocks": 0,
                      "Local Dirtied Blocks": 0,
                      "Local Written Blocks": 0,
                      "Temp Read Blocks": 0,
                      "Temp Written Blocks": 0
                    }
                  ],
                  "Plans": [
                    {
                      "Node Type": "Sort",
                      "Parent Relationship": "Outer",
                      "Parallel Aware": false,
                      "Async Capable": false,
                      "Startup Cost": 96367.98,
                      "Total Cost": 96368.46,
                      "Plan Rows": 189,
                      "Plan Width": 17,
                      "Actual Startup Time": 370.782,
                      "Actual Total Time": 370.782,
                      "Actual Rows": 0,
                      "Actual Loops": 3,
                      "Output": ["customer_address.appl_id"],
                      "Sort Key": ["customer_address.appl_id"],
                      "Sort Method": "quicksort",
                      "Sort Space Used": 25,
                      "Sort Space Type": "Memory",
                      "Shared Hit Blocks": 161,
                      "Shared Read Blocks": 72721,
                      "Shared Dirtied Blocks": 0,
                      "Shared Written Blocks": 0,
                      "Local Hit Blocks": 0,
                      "Local Read Blocks": 0,
                      "Local Dirtied Blocks": 0,
                      "Local Written Blocks": 0,
                      "Temp Read Blocks": 0,
                      "Temp Written Blocks": 0,
                      "Workers": [
                        {
                          "Worker Number": 0,
                          "Actual Startup Time": 369.681,
                          "Actual Total Time": 369.681,
                          "Actual Rows": 0,
                          "Actual Loops": 1,
                          "Sort Method": "quicksort",
                          "Sort Space Used": 25,
                          "Sort Space Type": "Memory",
                          "Shared Hit Blocks": 62,
                          "Shared Read Blocks": 17199,
                          "Shared Dirtied Blocks": 0,
                          "Shared Written Blocks": 0,
                          "Local Hit Blocks": 0,
                          "Local Read Blocks": 0,
                          "Local Dirtied Blocks": 0,
                          "Local Written Blocks": 0,
                          "Temp Read Blocks": 0,
                          "Temp Written Blocks": 0
                        },
                        {
                          "Worker Number": 1,
                          "Actual Startup Time": 369.533,
                          "Actual Total Time": 369.534,
                          "Actual Rows": 0,
                          "Actual Loops": 1,
                          "Sort Method": "quicksort",
                          "Sort Space Used": 25,
                          "Sort Space Type": "Memory",
                          "Shared Hit Blocks": 71,
                          "Shared Read Blocks": 28677,
                          "Shared Dirtied Blocks": 0,
                          "Shared Written Blocks": 0,
                          "Local Hit Blocks": 0,
                          "Local Read Blocks": 0,
                          "Local Dirtied Blocks": 0,
                          "Local Written Blocks": 0,
                          "Temp Read Blocks": 0,
                          "Temp Written Blocks": 0
                        }
                      ],
                      "Plans": [
                        {
                          "Node Type": "Seq Scan",
                          "Parent Relationship": "Outer",
                          "Parallel Aware": true,
                          "Async Capable": false,
                          "Relation Name": "customer_address",
                          "Schema": "public",
                          "Alias": "customer_address",
                          "Startup Cost": 0.00,
                          "Total Cost": 96360.84,
                          "Plan Rows": 189,
                          "Plan Width": 17,
                          "Actual Startup Time": 370.720,
                          "Actual Total Time": 370.720,
                          "Actual Rows": 0,
                          "Actual Loops": 3,
                          "Output": ["customer_address.appl_id"],
                          "Filter": "((customer_address.appl_id)::text ~~* '%foo%'::text)",
                          "Rows Removed by Filter": 1510258,
                          "Shared Hit Blocks": 48,
                          "Shared Read Blocks": 72720,
                          "Shared Dirtied Blocks": 0,
                          "Shared Written Blocks": 0,
                          "Local Hit Blocks": 0,
                          "Local Read Blocks": 0,
                          "Local Dirtied Blocks": 0,
                          "Local Written Blocks": 0,
                          "Temp Read Blocks": 0,
                          "Temp Written Blocks": 0,
                          "Workers": [
                            {
                              "Worker Number": 0,
                              "Actual Startup Time": 369.614,
                              "Actual Total Time": 369.615,
                              "Actual Rows": 0,
                              "Actual Loops": 1,
                              "Shared Hit Blocks": 6,
                              "Shared Read Blocks": 17198,
                              "Shared Dirtied Blocks": 0,
                              "Shared Written Blocks": 0,
                              "Local Hit Blocks": 0,
                              "Local Read Blocks": 0,
                              "Local Dirtied Blocks": 0,
                              "Local Written Blocks": 0,
                              "Temp Read Blocks": 0,
                              "Temp Written Blocks": 0
                            },
                            {
                              "Worker Number": 1,
                              "Actual Startup Time": 369.424,
                              "Actual Total Time": 369.424,
                              "Actual Rows": 0,
                              "Actual Loops": 1,
                              "Shared Hit Blocks": 14,
                              "Shared Read Blocks": 28677,
                              "Shared Dirtied Blocks": 0,
                              "Shared Written Blocks": 0,
                              "Local Hit Blocks": 0,
                              "Local Read Blocks": 0,
                              "Local Dirtied Blocks": 0,
                              "Local Written Blocks": 0,
                              "Temp Read Blocks": 0,
                              "Temp Written Blocks": 0
                            }
                          ]
                        }
                      ]
                    }
                  ]
                }
              ]
            }
          ]
        }
      ]
    },
    "Planning": {
      "Shared Hit Blocks": 107,
      "Shared Read Blocks": 11,
      "Shared Dirtied Blocks": 0,
      "Shared Written Blocks": 0,
      "Local Hit Blocks": 0,
      "Local Read Blocks": 0,
      "Local Dirtied Blocks": 0,
      "Local Written Blocks": 0,
      "Temp Read Blocks": 0,
      "Temp Written Blocks": 0
    },
    "Planning Time": 0.502,
    "Triggers": [
    ],
    "Execution Time": 375.098
  }
]
