                              QUERY PLAN                              
----------------------------------------------------------------------
 [                                                                   +
   {                                                                 +
     "Plan": {                                                       +
       "Node Type": "Aggregate",                                     +
       "Strategy": "Plain",                                          +
       "Partial Mode": "Simple",                                     +
       "Parallel Aware": false,                                      +
       "Async Capable": false,                                       +
       "Startup Cost": 1197.81,                                      +
       "Total Cost": 1197.82,                                        +
       "Plan Rows": 1,                                               +
       "Plan Width": 8,                                              +
       "Actual Startup Time": 0.024,                                 +
       "Actual Total Time": 0.025,                                   +
       "Actual Rows": 1,                                             +
       "Actual Loops": 1,                                            +
       "Output": ["count(*)"],                                       +
       "Shared Hit Blocks": 1,                                       +
       "Shared Read Blocks": 2,                                      +
       "Shared Dirtied Blocks": 0,                                   +
       "Shared Written Blocks": 0,                                   +
       "Local Hit Blocks": 0,                                        +
       "Local Read Blocks": 0,                                       +
       "Local Dirtied Blocks": 0,                                    +
       "Local Written Blocks": 0,                                    +
       "Temp Read Blocks": 0,                                        +
       "Temp Written Blocks": 0,                                     +
       "Plans": [                                                    +
         {                                                           +
           "Node Type": "Bitmap Heap Scan",                          +
           "Parent Relationship": "Outer",                           +
           "Parallel Aware": false,                                  +
           "Async Capable": false,                                   +
           "Relation Name": "customers",                             +
           "Schema": "public",                                       +
           "Alias": "customers",                                     +
           "Startup Cost": 47.48,                                    +
           "Total Cost": 1197.02,                                    +
           "Plan Rows": 318,                                         +
           "Plan Width": 0,                                          +
           "Actual Startup Time": 0.021,                             +
           "Actual Total Time": 0.021,                               +
           "Actual Rows": 0,                                         +
           "Actual Loops": 1,                                        +
           "Recheck Cond": "(customers.appl_id ~~* '%foo%'::text)",  +
           "Rows Removed by Index Recheck": 0,                       +
           "Exact Heap Blocks": 0,                                   +
           "Lossy Heap Blocks": 0,                                   +
           "Shared Hit Blocks": 1,                                   +
           "Shared Read Blocks": 2,                                  +
           "Shared Dirtied Blocks": 0,                               +
           "Shared Written Blocks": 0,                               +
           "Local Hit Blocks": 0,                                    +
           "Local Read Blocks": 0,                                   +
           "Local Dirtied Blocks": 0,                                +
           "Local Written Blocks": 0,                                +
           "Temp Read Blocks": 0,                                    +
           "Temp Written Blocks": 0,                                 +
           "Plans": [                                                +
             {                                                       +
               "Node Type": "Bitmap Index Scan",                     +
               "Parent Relationship": "Outer",                       +
               "Parallel Aware": false,                              +
               "Async Capable": false,                               +
               "Index Name": "idx_customers_appl_trgm",              +
               "Startup Cost": 0.00,                                 +
               "Total Cost": 47.40,                                  +
               "Plan Rows": 318,                                     +
               "Plan Width": 0,                                      +
               "Actual Startup Time": 0.018,                         +
               "Actual Total Time": 0.019,                           +
               "Actual Rows": 0,                                     +
               "Actual Loops": 1,                                    +
               "Index Cond": "(customers.appl_id ~~* '%foo%'::text)",+
               "Shared Hit Blocks": 1,                               +
               "Shared Read Blocks": 2,                              +
               "Shared Dirtied Blocks": 0,                           +
               "Shared Written Blocks": 0,                           +
               "Local Hit Blocks": 0,                                +
               "Local Read Blocks": 0,                               +
               "Local Dirtied Blocks": 0,                            +
               "Local Written Blocks": 0,                            +
               "Temp Read Blocks": 0,                                +
               "Temp Written Blocks": 0                              +
             }                                                       +
           ]                                                         +
         }                                                           +
       ]                                                             +
     },                                                              +
     "Planning": {                                                   +
       "Shared Hit Blocks": 104,                                     +
       "Shared Read Blocks": 5,                                      +
       "Shared Dirtied Blocks": 1,                                   +
       "Shared Written Blocks": 0,                                   +
       "Local Hit Blocks": 0,                                        +
       "Local Read Blocks": 0,                                       +
       "Local Dirtied Blocks": 0,                                    +
       "Local Written Blocks": 0,                                    +
       "Temp Read Blocks": 0,                                        +
       "Temp Written Blocks": 0                                      +
     },                                                              +
     "Planning Time": 0.946,                                         +
     "Triggers": [                                                   +
     ],                                                              +
     "Execution Time": 0.106                                         +
   }                                                                 +
 ]
(1 row)

