[
  {
    "Plan": {
      "Node Type": "Limit",
      "Parallel Aware": false,
      "Async Capable": false,
      "Startup Cost": 1000.46,
      "Total Cost": 46424.40,
      "Plan Rows": 50,
      "Plan Width": 17,
      "Actual Startup Time": 3148.621,
      "Actual Total Time": 3156.402,
      "Actual Rows": 0,
      "Actual Loops": 1,
      "Output": ["appl_id"],
      "Shared Hit Blocks": 1006176,
      "Shared Read Blocks": 3542973,
      "Shared Dirtied Blocks": 0,
      "Shared Written Blocks": 9906,
      "Local Hit Blocks": 0,
      "Local Read Blocks": 0,
      "Local Dirtied Blocks": 0,
      "Local Written Blocks": 0,
      "Temp Read Blocks": 0,
      "Temp Written Blocks": 0,
      "Plans": [
        {
          "Node Type": "Unique",
          "Parent Relationship": "Outer",
          "Parallel Aware": false,
          "Async Capable": false,
          "Startup Cost": 1000.46,
          "Total Cost": 412541.42,
          "Plan Rows": 453,
          "Plan Width": 17,
          "Actual Startup Time": 3148.620,
          "Actual Total Time": 3156.400,
          "Actual Rows": 0,
          "Actual Loops": 1,
          "Output": ["appl_id"],
          "Shared Hit Blocks": 1006176,
          "Shared Read Blocks": 3542973,
          "Shared Dirtied Blocks": 0,
          "Shared Written Blocks": 9906,
          "Local Hit Blocks": 0,
          "Local Read Blocks": 0,
          "Local Dirtied Blocks": 0,
          "Local Written Blocks": 0,
          "Temp Read Blocks": 0,
          "Temp Written Blocks": 0,
          "Plans": [
            {
              "Node Type": "Gather Merge",
              "Parent Relationship": "Outer",
              "Parallel Aware": false,
              "Async Capable": false,
              "Startup Cost": 1000.46,
              "Total Cost": 412540.29,
              "Plan Rows": 453,
              "Plan Width": 17,
              "Actual Startup Time": 3148.619,
              "Actual Total Time": 3156.398,
              "Actual Rows": 0,
              "Actual Loops": 1,
              "Output": ["appl_id"],
              "Workers Planned": 2,
              "Workers Launched": 2,
              "Shared Hit Blocks": 1006176,
              "Shared Read Blocks": 3542973,
              "Shared Dirtied Blocks": 0,
              "Shared Written Blocks": 9906,
              "Local Hit Blocks": 0,
              "Local Read Blocks": 0,
              "Local Dirtied Blocks": 0,
              "Local Written Blocks": 0,
              "Temp Read Blocks": 0,
              "Temp Written Blocks": 0,
              "Plans": [
                {
                  "Node Type": "Index Only Scan",
                  "Parent Relationship": "Outer",
                  "Parallel Aware": true,
                  "Async Capable": false,
                  "Scan Direction": "Forward",
                  "Index Name": "customer_address_appl_id_idx",
                  "Relation Name": "customer_address",
                  "Schema": "public",
                  "Alias": "customer_address",
                  "Startup Cost": 0.43,
                  "Total Cost": 411487.98,
                  "Plan Rows": 189,
                  "Plan Width": 17,
                  "Actual Startup Time": 3145.921,
                  "Actual Total Time": 3145.922,
                  "Actual Rows": 0,
                  "Actual Loops": 3,
                  "Output": ["appl_id"],
                  "Filter": "((customer_address.appl_id)::text ~~* '%foo%'::text)",
                  "Rows Removed by Filter": 1510258,
                  "Heap Fetches": 4530775,
                  "Shared Hit Blocks": 1006176,
                  "Shared Read Blocks": 3542973,
                  "Shared Dirtied Blocks": 0,
                  "Shared Written Blocks": 9906,
                  "Local Hit Blocks": 0,
                  "Local Read Blocks": 0,
                  "Local Dirtied Blocks": 0,
                  "Local Written Blocks": 0,
                  "Temp Read Blocks": 0,
                  "Temp Written Blocks": 0,
                  "Workers": [
                    {
                      "Worker Number": 0,
                      "Actual Startup Time": 3145.801,
                      "Actual Total Time": 3145.802,
                      "Actual Rows": 0,
                      "Actual Loops": 1,
                      "Shared Hit Blocks": 336179,
                      "Shared Read Blocks": 1184823,
                      "Shared Dirtied Blocks": 0,
                      "Shared Written Blocks": 4039,
                      "Local Hit Blocks": 0,
                      "Local Read Blocks": 0,
                      "Local Dirtied Blocks": 0,
                      "Local Written Blocks": 0,
                      "Temp Read Blocks": 0,
                      "Temp Written Blocks": 0
                    },
                    {
                      "Worker Number": 1,
                      "Actual Startup Time": 3143.637,
                      "Actual Total Time": 3143.638,
                      "Actual Rows": 0,
                      "Actual Loops": 1,
                      "Shared Hit Blocks": 327160,
                      "Shared Read Blocks": 1149720,
                      "Shared Dirtied Blocks": 0,
                      "Shared Written Blocks": 3902,
                      "Local Hit Blocks": 0,
                      "Local Read Blocks": 0,
                      "Local Dirtied Blocks": 0,
                      "Local Written Blocks": 0,
                      "Temp Read Blocks": 0,
                      "Temp Written Blocks": 0
                    }
                  ]
                }
              ]
            }
          ]
        }
      ]
    },
    "Planning": {
      "Shared Hit Blocks": 115,
      "Shared Read Blocks": 0,
      "Shared Dirtied Blocks": 0,
      "Shared Written Blocks": 0,
      "Local Hit Blocks": 0,
      "Local Read Blocks": 0,
      "Local Dirtied Blocks": 0,
      "Local Written Blocks": 0,
      "Temp Read Blocks": 0,
      "Temp Written Blocks": 0
    },
    "Planning Time": 0.440,
    "Triggers": [
    ],
    "Execution Time": 3156.434
  }
]
