                                QUERY PLAN                                
--------------------------------------------------------------------------
 [                                                                       +
   {                                                                     +
     "Plan": {                                                           +
       "Node Type": "Limit",                                             +
       "Parallel Aware": false,                                          +
       "Async Capable": false,                                           +
       "Startup Cost": 1207.58,                                          +
       "Total Cost": 1207.70,                                            +
       "Plan Rows": 50,                                                  +
       "Plan Width": 17,                                                 +
       "Actual Startup Time": 0.043,                                     +
       "Actual Total Time": 0.044,                                       +
       "Actual Rows": 0,                                                 +
       "Actual Loops": 1,                                                +
       "Output": ["appl_id"],                                            +
       "Shared Hit Blocks": 6,                                           +
       "Shared Read Blocks": 0,                                          +
       "Shared Dirtied Blocks": 0,                                       +
       "Shared Written Blocks": 0,                                       +
       "Local Hit Blocks": 0,                                            +
       "Local Read Blocks": 0,                                           +
       "Local Dirtied Blocks": 0,                                        +
       "Local Written Blocks": 0,                                        +
       "Temp Read Blocks": 0,                                            +
       "Temp Written Blocks": 0,                                         +
       "Plans": [                                                        +
         {                                                               +
           "Node Type": "Sort",                                          +
           "Parent Relationship": "Outer",                               +
           "Parallel Aware": false,                                      +
           "Async Capable": false,                                       +
           "Startup Cost": 1207.58,                                      +
           "Total Cost": 1208.37,                                        +
           "Plan Rows": 318,                                             +
           "Plan Width": 17,                                             +
           "Actual Startup Time": 0.041,                                 +
           "Actual Total Time": 0.042,                                   +
           "Actual Rows": 0,                                             +
           "Actual Loops": 1,                                            +
           "Output": ["appl_id"],                                        +
           "Sort Key": ["customers.appl_id"],                            +
           "Sort Method": "quicksort",                                   +
           "Sort Space Used": 25,                                        +
           "Sort Space Type": "Memory",                                  +
           "Shared Hit Blocks": 6,                                       +
           "Shared Read Blocks": 0,                                      +
           "Shared Dirtied Blocks": 0,                                   +
           "Shared Written Blocks": 0,                                   +
           "Local Hit Blocks": 0,                                        +
           "Local Read Blocks": 0,                                       +
           "Local Dirtied Blocks": 0,                                    +
           "Local Written Blocks": 0,                                    +
           "Temp Read Blocks": 0,                                        +
           "Temp Written Blocks": 0,                                     +
           "Plans": [                                                    +
             {                                                           +
               "Node Type": "Bitmap Heap Scan",                          +
               "Parent Relationship": "Outer",                           +
               "Parallel Aware": false,                                  +
               "Async Capable": false,                                   +
               "Relation Name": "customers",                             +
               "Schema": "public",                                       +
               "Alias": "customers",                                     +
               "Startup Cost": 47.48,                                    +
               "Total Cost": 1197.02,                                    +
               "Plan Rows": 318,                                         +
               "Plan Width": 17,                                         +
               "Actual Startup Time": 0.019,                             +
               "Actual Total Time": 0.020,                               +
               "Actual Rows": 0,                                         +
               "Actual Loops": 1,                                        +
               "Output": ["appl_id"],                                    +
               "Recheck Cond": "(customers.appl_id ~~* '%foo%'::text)",  +
               "Rows Removed by Index Recheck": 0,                       +
               "Exact Heap Blocks": 0,                                   +
               "Lossy Heap Blocks": 0,                                   +
               "Shared Hit Blocks": 3,                                   +
               "Shared Read Blocks": 0,                                  +
               "Shared Dirtied Blocks": 0,                               +
               "Shared Written Blocks": 0,                               +
               "Local Hit Blocks": 0,                                    +
               "Local Read Blocks": 0,                                   +
               "Local Dirtied Blocks": 0,                                +
               "Local Written Blocks": 0,                                +
               "Temp Read Blocks": 0,                                    +
               "Temp Written Blocks": 0,                                 +
               "Plans": [                                                +
                 {                                                       +
                   "Node Type": "Bitmap Index Scan",                     +
                   "Parent Relationship": "Outer",                       +
                   "Parallel Aware": false,                              +
                   "Async Capable": false,                               +
                   "Index Name": "idx_customers_appl_trgm",              +
                   "Startup Cost": 0.00,                                 +
                   "Total Cost": 47.40,                                  +
                   "Plan Rows": 318,                                     +
                   "Plan Width": 0,                                      +
                   "Actual Startup Time": 0.016,                         +
                   "Actual Total Time": 0.017,                           +
                   "Actual Rows": 0,                                     +
                   "Actual Loops": 1,                                    +
                   "Index Cond": "(customers.appl_id ~~* '%foo%'::text)",+
                   "Shared Hit Blocks": 3,                               +
                   "Shared Read Blocks": 0,                              +
                   "Shared Dirtied Blocks": 0,                           +
                   "Shared Written Blocks": 0,                           +
                   "Local Hit Blocks": 0,                                +
                   "Local Read Blocks": 0,                               +
                   "Local Dirtied Blocks": 0,                            +
                   "Local Written Blocks": 0,                            +
                   "Temp Read Blocks": 0,                                +
                   "Temp Written Blocks": 0                              +
                 }                                                       +
               ]                                                         +
             }                                                           +
           ]                                                             +
         }                                                               +
       ]                                                                 +
     },                                                                  +
     "Planning": {                                                       +
       "Shared Hit Blocks": 113,                                         +
       "Shared Read Blocks": 0,                                          +
       "Shared Dirtied Blocks": 0,                                       +
       "Shared Written Blocks": 0,                                       +
       "Local Hit Blocks": 0,                                            +
       "Local Read Blocks": 0,                                           +
       "Local Dirtied Blocks": 0,                                        +
       "Local Written Blocks": 0,                                        +
       "Temp Read Blocks": 0,                                            +
       "Temp Written Blocks": 0                                          +
     },                                                                  +
     "Planning Time": 1.138,                                             +
     "Triggers": [                                                       +
     ],                                                                  +
     "Execution Time": 0.132                                             +
   }                                                                     +
 ]
(1 row)

