                                     QUERY PLAN                                     
------------------------------------------------------------------------------------
 [                                                                                 +
   {                                                                               +
     "Plan": {                                                                     +
       "Node Type": "Limit",                                                       +
       "Parallel Aware": false,                                                    +
       "Async Capable": false,                                                     +
       "Startup Cost": 0.56,                                                       +
       "Total Cost": 129.18,                                                       +
       "Plan Rows": 31,                                                            +
       "Plan Width": 7,                                                            +
       "Actual Startup Time": 0.069,                                               +
       "Actual Total Time": 0.074,                                                 +
       "Actual Rows": 1,                                                           +
       "Actual Loops": 1,                                                          +
       "Output": ["fc_id"],                                                        +
       "Shared Hit Blocks": 2,                                                     +
       "Shared Read Blocks": 4,                                                    +
       "Shared Dirtied Blocks": 0,                                                 +
       "Shared Written Blocks": 0,                                                 +
       "Local Hit Blocks": 0,                                                      +
       "Local Read Blocks": 0,                                                     +
       "Local Dirtied Blocks": 0,                                                  +
       "Local Written Blocks": 0,                                                  +
       "Temp Read Blocks": 0,                                                      +
       "Temp Written Blocks": 0,                                                   +
       "Plans": [                                                                  +
         {                                                                         +
           "Node Type": "Result",                                                  +
           "Parent Relationship": "Outer",                                         +
           "Parallel Aware": false,                                                +
           "Async Capable": false,                                                 +
           "Startup Cost": 0.56,                                                   +
           "Total Cost": 129.18,                                                   +
           "Plan Rows": 31,                                                        +
           "Plan Width": 7,                                                        +
           "Actual Startup Time": 0.067,                                           +
           "Actual Total Time": 0.072,                                             +
           "Actual Rows": 1,                                                       +
           "Actual Loops": 1,                                                      +
           "Output": ["fc_id"],                                                    +
           "Shared Hit Blocks": 2,                                                 +
           "Shared Read Blocks": 4,                                                +
           "Shared Dirtied Blocks": 0,                                             +
           "Shared Written Blocks": 0,                                             +
           "Local Hit Blocks": 0,                                                  +
           "Local Read Blocks": 0,                                                 +
           "Local Dirtied Blocks": 0,                                              +
           "Local Written Blocks": 0,                                              +
           "Temp Read Blocks": 0,                                                  +
           "Temp Written Blocks": 0,                                               +
           "Plans": [                                                              +
             {                                                                     +
               "Node Type": "Unique",                                              +
               "Parent Relationship": "Outer",                                     +
               "Parallel Aware": false,                                            +
               "Async Capable": false,                                             +
               "Startup Cost": 0.56,                                               +
               "Total Cost": 129.18,                                               +
               "Plan Rows": 31,                                                    +
               "Plan Width": 7,                                                    +
               "Actual Startup Time": 0.066,                                       +
               "Actual Total Time": 0.071,                                         +
               "Actual Rows": 1,                                                   +
               "Actual Loops": 1,                                                  +
               "Output": ["appl_id", "fc_id"],                                     +
               "Shared Hit Blocks": 2,                                             +
               "Shared Read Blocks": 4,                                            +
               "Shared Dirtied Blocks": 0,                                         +
               "Shared Written Blocks": 0,                                         +
               "Local Hit Blocks": 0,                                              +
               "Local Read Blocks": 0,                                             +
               "Local Dirtied Blocks": 0,                                          +
               "Local Written Blocks": 0,                                          +
               "Temp Read Blocks": 0,                                              +
               "Temp Written Blocks": 0,                                           +
               "Plans": [                                                          +
                 {                                                                 +
                   "Node Type": "Index Only Scan",                                 +
                   "Parent Relationship": "Outer",                                 +
                   "Parallel Aware": false,                                        +
                   "Async Capable": false,                                         +
                   "Scan Direction": "Forward",                                    +
                   "Index Name": "idx_checkin_applid_fcid",                        +
                   "Relation Name": "checkin_address",                             +
                   "Schema": "public",                                             +
                   "Alias": "checkin_address",                                     +
                   "Startup Cost": 0.56,                                           +
                   "Total Cost": 129.10,                                           +
                   "Plan Rows": 31,                                                +
                   "Plan Width": 7,                                                +
                   "Actual Startup Time": 0.064,                                   +
                   "Actual Total Time": 0.066,                                     +
                   "Actual Rows": 2,                                               +
                   "Actual Loops": 1,                                              +
                   "Output": ["appl_id", "fc_id"],                                 +
                   "Index Cond": "(checkin_address.appl_id = '00-90-84-48'::text)",+
                   "Rows Removed by Index Recheck": 0,                             +
                   "Heap Fetches": 2,                                              +
                   "Shared Hit Blocks": 2,                                         +
                   "Shared Read Blocks": 4,                                        +
                   "Shared Dirtied Blocks": 0,                                     +
                   "Shared Written Blocks": 0,                                     +
                   "Local Hit Blocks": 0,                                          +
                   "Local Read Blocks": 0,                                         +
                   "Local Dirtied Blocks": 0,                                      +
                   "Local Written Blocks": 0,                                      +
                   "Temp Read Blocks": 0,                                          +
                   "Temp Written Blocks": 0                                        +
                 }                                                                 +
               ]                                                                   +
             }                                                                     +
           ]                                                                       +
         }                                                                         +
       ]                                                                           +
     },                                                                            +
     "Planning": {                                                                 +
       "Shared Hit Blocks": 128,                                                   +
       "Shared Read Blocks": 1,                                                    +
       "Shared Dirtied Blocks": 0,                                                 +
       "Shared Written Blocks": 0,                                                 +
       "Local Hit Blocks": 0,                                                      +
       "Local Read Blocks": 0,                                                     +
       "Local Dirtied Blocks": 0,                                                  +
       "Local Written Blocks": 0,                                                  +
       "Temp Read Blocks": 0,                                                      +
       "Temp Written Blocks": 0                                                    +
     },                                                                            +
     "Planning Time": 0.453,                                                       +
     "Triggers": [                                                                 +
     ],                                                                            +
     "Execution Time": 0.102                                                       +
   }                                                                               +
 ]
(1 row)

