[
  {
    "Plan": {
      "Node Type": "Limit",
      "Parallel Aware": false,
      "Async Capable": false,
      "Startup Cost": 1694.74,
      "Total Cost": 1703.21,
      "Plan Rows": 50,
      "Plan Width": 17,
      "Actual Startup Time": 33.920,
      "Actual Total Time": 34.061,
      "Actual Rows": 50,
      "Actual Loops": 1,
      "Output": ["appl_id"],
      "Shared Hit Blocks": 2750,
      "Shared Read Blocks": 9817,
      "Shared Dirtied Blocks": 0,
      "Shared Written Blocks": 0,
      "Local Hit Blocks": 0,
      "Local Read Blocks": 0,
      "Local Dirtied Blocks": 0,
      "Local Written Blocks": 0,
      "Temp Read Blocks": 0,
      "Temp Written Blocks": 0,
      "Plans": [
        {
          "Node Type": "Unique",
          "Parent Relationship": "Outer",
          "Parallel Aware": false,
          "Async Capable": false,
          "Startup Cost": 0.43,
          "Total Cost": 455868.34,
          "Plan Rows": 2690581,
          "Plan Width": 17,
          "Actual Startup Time": 0.019,
          "Actual Total Time": 33.760,
          "Actual Rows": 10050,
          "Actual Loops": 1,
          "Output": ["appl_id"],
          "Shared Hit Blocks": 2750,
          "Shared Read Blocks": 9817,
          "Shared Dirtied Blocks": 0,
          "Shared Written Blocks": 0,
          "Local Hit Blocks": 0,
          "Local Read Blocks": 0,
          "Local Dirtied Blocks": 0,
          "Local Written Blocks": 0,
          "Temp Read Blocks": 0,
          "Temp Written Blocks": 0,
          "Plans": [
            {
              "Node Type": "Index Only Scan",
              "Parent Relationship": "Outer",
              "Parallel Aware": false,
              "Async Capable": false,
              "Scan Direction": "Forward",
              "Index Name": "customer_address_appl_id_idx",
              "Relation Name": "customer_address",
              "Schema": "public",
              "Alias": "customer_address",
              "Startup Cost": 0.43,
              "Total Cost": 444541.46,
              "Plan Rows": 4530752,
              "Plan Width": 17,
              "Actual Startup Time": 0.017,
              "Actual Total Time": 32.239,
              "Actual Rows": 12516,
              "Actual Loops": 1,
              "Output": ["appl_id"],
              "Index Cond": "(customer_address.appl_id IS NOT NULL)",
              "Rows Removed by Index Recheck": 0,
              "Heap Fetches": 12516,
              "Shared Hit Blocks": 2750,
              "Shared Read Blocks": 9817,
              "Shared Dirtied Blocks": 0,
              "Shared Written Blocks": 0,
              "Local Hit Blocks": 0,
              "Local Read Blocks": 0,
              "Local Dirtied Blocks": 0,
              "Local Written Blocks": 0,
              "Temp Read Blocks": 0,
              "Temp Written Blocks": 0
            }
          ]
        }
      ]
    },
    "Planning": {
      "Shared Hit Blocks": 108,
      "Shared Read Blocks": 0,
      "Shared Dirtied Blocks": 0,
      "Shared Written Blocks": 0,
      "Local Hit Blocks": 0,
      "Local Read Blocks": 0,
      "Local Dirtied Blocks": 0,
      "Local Written Blocks": 0,
      "Temp Read Blocks": 0,
      "Temp Written Blocks": 0
    },
    "Planning Time": 0.322,
    "Triggers": [
    ],
    "Execution Time": 34.097
  }
]
