[
  {
    "Plan": {
      "Node Type": "Limit",
      "Parallel Aware": false,
      "Async Capable": false,
      "Startup Cost": 1000.46,
      "Total Cost": 46426.25,
      "Plan Rows": 50,
      "Plan Width": 17,
      "Actual Startup Time": 2737.417,
      "Actual Total Time": 2744.645,
      "Actual Rows": 0,
      "Actual Loops": 1,
      "Output": ["appl_id"],
      "Shared Hit Blocks": 1009410,
      "Shared Read Blocks": 3539739,
      "Shared Dirtied Blocks": 0,
      "Shared Written Blocks": 10,
      "Local Hit Blocks": 0,
      "Local Read Blocks": 0,
      "Local Dirtied Blocks": 0,
      "Local Written Blocks": 0,
      "Temp Read Blocks": 0,
      "Temp Written Blocks": 0,
      "Plans": [
        {
          "Node Type": "Unique",
          "Parent Relationship": "Outer",
          "Parallel Aware": false,
          "Async Capable": false,
          "Startup Cost": 1000.46,
          "Total Cost": 412558.17,
          "Plan Rows": 453,
          "Plan Width": 17,
          "Actual Startup Time": 2737.416,
          "Actual Total Time": 2744.644,
          "Actual Rows": 0,
          "Actual Loops": 1,
          "Output": ["appl_id"],
          "Shared Hit Blocks": 1009410,
          "Shared Read Blocks": 3539739,
          "Shared Dirtied Blocks": 0,
          "Shared Written Blocks": 10,
          "Local Hit Blocks": 0,
          "Local Read Blocks": 0,
          "Local Dirtied Blocks": 0,
          "Local Written Blocks": 0,
          "Temp Read Blocks": 0,
          "Temp Written Blocks": 0,
          "Plans": [
            {
              "Node Type": "Gather Merge",
              "Parent Relationship": "Outer",
              "Parallel Aware": false,
              "Async Capable": false,
              "Startup Cost": 1000.46,
              "Total Cost": 412557.04,
              "Plan Rows": 453,
              "Plan Width": 17,
              "Actual Startup Time": 2737.415,
              "Actual Total Time": 2744.642,
              "Actual Rows": 0,
              "Actual Loops": 1,
              "Output": ["appl_id"],
              "Workers Planned": 2,
              "Workers Launched": 2,
              "Shared Hit Blocks": 1009410,
              "Shared Read Blocks": 3539739,
              "Shared Dirtied Blocks": 0,
              "Shared Written Blocks": 10,
              "Local Hit Blocks": 0,
              "Local Read Blocks": 0,
              "Local Dirtied Blocks": 0,
              "Local Written Blocks": 0,
              "Temp Read Blocks": 0,
              "Temp Written Blocks": 0,
              "Plans": [
                {
                  "Node Type": "Index Only Scan",
                  "Parent Relationship": "Outer",
                  "Parallel Aware": true,
                  "Async Capable": false,
                  "Scan Direction": "Forward",
                  "Index Name": "customer_address_appl_id_idx",
                  "Relation Name": "customer_address",
                  "Schema": "public",
                  "Alias": "customer_address",
                  "Startup Cost": 0.43,
                  "Total Cost": 411504.73,
                  "Plan Rows": 189,
                  "Plan Width": 17,
                  "Actual Startup Time": 2734.287,
                  "Actual Total Time": 2734.288,
                  "Actual Rows": 0,
                  "Actual Loops": 3,
                  "Output": ["appl_id"],
                  "Filter": "((customer_address.appl_id)::text ~~* '%foo%'::text)",
                  "Rows Removed by Filter": 1510258,
                  "Heap Fetches": 4530775,
                  "Shared Hit Blocks": 1009410,
                  "Shared Read Blocks": 3539739,
                  "Shared Dirtied Blocks": 0,
                  "Shared Written Blocks": 10,
                  "Local Hit Blocks": 0,
                  "Local Read Blocks": 0,
                  "Local Dirtied Blocks": 0,
                  "Local Written Blocks": 0,
                  "Temp Read Blocks": 0,
                  "Temp Written Blocks": 0,
                  "Workers": [
                    {
                      "Worker Number": 0,
                      "Actual Startup Time": 2732.716,
                      "Actual Total Time": 2732.717,
                      "Actual Rows": 0,
                      "Actual Loops": 1,
                      "Shared Hit Blocks": 328987,
                      "Shared Read Blocks": 1151223,
                      "Shared Dirtied Blocks": 0,
                      "Shared Written Blocks": 1,
                      "Local Hit Blocks": 0,
                      "Local Read Blocks": 0,
                      "Local Dirtied Blocks": 0,
                      "Local Written Blocks": 0,
                      "Temp Read Blocks": 0,
                      "Temp Written Blocks": 0
                    },
                    {
                      "Worker Number": 1,
                      "Actual Startup Time": 2732.929,
                      "Actual Total Time": 2732.930,
                      "Actual Rows": 0,
                      "Actual Loops": 1,
                      "Shared Hit Blocks": 336228,
                      "Shared Read Blocks": 1184564,
                      "Shared Dirtied Blocks": 0,
                      "Shared Written Blocks": 5,
                      "Local Hit Blocks": 0,
                      "Local Read Blocks": 0,
                      "Local Dirtied Blocks": 0,
                      "Local Written Blocks": 0,
                      "Temp Read Blocks": 0,
                      "Temp Written Blocks": 0
                    }
                  ]
                }
              ]
            }
          ]
        }
      ]
    },
    "Planning": {
      "Shared Hit Blocks": 114,
      "Shared Read Blocks": 0,
      "Shared Dirtied Blocks": 0,
      "Shared Written Blocks": 0,
      "Local Hit Blocks": 0,
      "Local Read Blocks": 0,
      "Local Dirtied Blocks": 0,
      "Local Written Blocks": 0,
      "Temp Read Blocks": 0,
      "Temp Written Blocks": 0
    },
    "Planning Time": 0.359,
    "Triggers": [
    ],
    "Execution Time": 2744.691
  }
]
