[
  {
    "Plan": {
      "Node Type": "Aggregate",
      "Strategy": "Plain",
      "Partial Mode": "Simple",
      "Parallel Aware": false,
      "Async Capable": false,
      "Startup Cost": 97423.08,
      "Total Cost": 97423.09,
      "Plan Rows": 1,
      "Plan Width": 8,
      "Actual Startup Time": 319.483,
      "Actual Total Time": 324.055,
      "Actual Rows": 1,
      "Actual Loops": 1,
      "Output": ["count(*)"],
      "Shared Hit Blocks": 16007,
      "Shared Read Blocks": 56875,
      "Shared Dirtied Blocks": 0,
      "Shared Written Blocks": 0,
      "Local Hit Blocks": 0,
      "Local Read Blocks": 0,
      "Local Dirtied Blocks": 0,
      "Local Written Blocks": 0,
      "Temp Read Blocks": 0,
      "Temp Written Blocks": 0,
      "Plans": [
        {
          "Node Type": "Unique",
          "Parent Relationship": "Outer",
          "Parallel Aware": false,
          "Async Capable": false,
          "Startup Cost": 97372.84,
          "Total Cost": 97418.36,
          "Plan Rows": 378,
          "Plan Width": 17,
          "Actual Startup Time": 319.478,
          "Actual Total Time": 324.048,
          "Actual Rows": 0,
          "Actual Loops": 1,
          "Output": ["customer_address.appl_id"],
          "Shared Hit Blocks": 16007,
          "Shared Read Blocks": 56875,
          "Shared Dirtied Blocks": 0,
          "Shared Written Blocks": 0,
          "Local Hit Blocks": 0,
          "Local Read Blocks": 0,
          "Local Dirtied Blocks": 0,
          "Local Written Blocks": 0,
          "Temp Read Blocks": 0,
          "Temp Written Blocks": 0,
          "Plans": [
            {
              "Node Type": "Gather Merge",
              "Parent Relationship": "Outer",
              "Parallel Aware": false,
              "Async Capable": false,
              "Startup Cost": 97372.84,
              "Total Cost": 97417.41,
              "Plan Rows": 378,
              "Plan Width": 17,
              "Actual Startup Time": 319.477,
              "Actual Total Time": 324.047,
              "Actual Rows": 0,
              "Actual Loops": 1,
              "Output": ["customer_address.appl_id"],
              "Workers Planned": 2,
              "Workers Launched": 2,
              "Shared Hit Blocks": 16007,
              "Shared Read Blocks": 56875,
              "Shared Dirtied Blocks": 0,
              "Shared Written Blocks": 0,
              "Local Hit Blocks": 0,
              "Local Read Blocks": 0,
              "Local Dirtied Blocks": 0,
              "Local Written Blocks": 0,
              "Temp Read Blocks": 0,
              "Temp Written Blocks": 0,
              "Plans": [
                {
                  "Node Type": "Unique",
                  "Parent Relationship": "Outer",
                  "Parallel Aware": false,
                  "Async Capable": false,
                  "Startup Cost": 96372.81,
                  "Total Cost": 96373.76,
                  "Plan Rows": 189,
                  "Plan Width": 17,
                  "Actual Startup Time": 316.645,
                  "Actual Total Time": 316.646,
                  "Actual Rows": 0,
                  "Actual Loops": 3,
                  "Output": ["customer_address.appl_id"],
                  "Shared Hit Blocks": 16007,
                  "Shared Read Blocks": 56875,
                  "Shared Dirtied Blocks": 0,
                  "Shared Written Blocks": 0,
                  "Local Hit Blocks": 0,
                  "Local Read Blocks": 0,
                  "Local Dirtied Blocks": 0,
                  "Local Written Blocks": 0,
                  "Temp Read Blocks": 0,
                  "Temp Written Blocks": 0,
                  "Workers": [
                    {
                      "Worker Number": 0,
                      "Actual Startup Time": 315.333,
                      "Actual Total Time": 315.334,
                      "Actual Rows": 0,
                      "Actual Loops": 1,
                      "Shared Hit Blocks": 5255,
                      "Shared Read Blocks": 18574,
                      "Shared Dirtied Blocks": 0,
                      "Shared Written Blocks": 0,
                      "Local Hit Blocks": 0,
                      "Local Read Blocks": 0,
                      "Local Dirtied Blocks": 0,
                      "Local Written Blocks": 0,
                      "Temp Read Blocks": 0,
                      "Temp Written Blocks": 0
                    },
                    {
                      "Worker Number": 1,
                      "Actual Startup Time": 315.325,
                      "Actual Total Time": 315.327,
                      "Actual Rows": 0,
                      "Actual Loops": 1,
                      "Shared Hit Blocks": 5424,
                      "Shared Read Blocks": 19228,
                      "Shared Dirtied Blocks": 0,
                      "Shared Written Blocks": 0,
                      "Local Hit Blocks": 0,
                      "Local Read Blocks": 0,
                      "Local Dirtied Blocks": 0,
                      "Local Written Blocks": 0,
                      "Temp Read Blocks": 0,
                      "Temp Written Blocks": 0
                    }
                  ],
                  "Plans": [
                    {
                      "Node Type": "Sort",
                      "Parent Relationship": "Outer",
                      "Parallel Aware": false,
                      "Async Capable": false,
                      "Startup Cost": 96372.81,
                      "Total Cost": 96373.29,
                      "Plan Rows": 189,
                      "Plan Width": 17,
                      "Actual Startup Time": 316.644,
                      "Actual Total Time": 316.645,
                      "Actual Rows": 0,
                      "Actual Loops": 3,
                      "Output": ["customer_address.appl_id"],
                      "Sort Key": ["customer_address.appl_id"],
                      "Sort Method": "quicksort",
                      "Sort Space Used": 25,
                      "Sort Space Type": "Memory",
                      "Shared Hit Blocks": 16007,
                      "Shared Read Blocks": 56875,
                      "Shared Dirtied Blocks": 0,
                      "Shared Written Blocks": 0,
                      "Local Hit Blocks": 0,
                      "Local Read Blocks": 0,
                      "Local Dirtied Blocks": 0,
                      "Local Written Blocks": 0,
                      "Temp Read Blocks": 0,
                      "Temp Written Blocks": 0,
                      "Workers": [
                        {
                          "Worker Number": 0,
                          "Actual Startup Time": 315.332,
                          "Actual Total Time": 315.333,
                          "Actual Rows": 0,
                          "Actual Loops": 1,
                          "Sort Method": "quicksort",
                          "Sort Space Used": 25,
                          "Sort Space Type": "Memory",
                          "Shared Hit Blocks": 5255,
                          "Shared Read Blocks": 18574,
                          "Shared Dirtied Blocks": 0,
                          "Shared Written Blocks": 0,
                          "Local Hit Blocks": 0,
                          "Local Read Blocks": 0,
                          "Local Dirtied Blocks": 0,
                          "Local Written Blocks": 0,
                          "Temp Read Blocks": 0,
                          "Temp Written Blocks": 0
                        },
                        {
                          "Worker Number": 1,
                          "Actual Startup Time": 315.324,
                          "Actual Total Time": 315.325,
                          "Actual Rows": 0,
                          "Actual Loops": 1,
                          "Sort Method": "quicksort",
                          "Sort Space Used": 25,
                          "Sort Space Type": "Memory",
                          "Shared Hit Blocks": 5424,
                          "Shared Read Blocks": 19228,
                          "Shared Dirtied Blocks": 0,
                          "Shared Written Blocks": 0,
                          "Local Hit Blocks": 0,
                          "Local Read Blocks": 0,
                          "Local Dirtied Blocks": 0,
                          "Local Written Blocks": 0,
                          "Temp Read Blocks": 0,
                          "Temp Written Blocks": 0
                        }
                      ],
                      "Plans": [
                        {
                          "Node Type": "Seq Scan",
                          "Parent Relationship": "Outer",
                          "Parallel Aware": true,
                          "Async Capable": false,
                          "Relation Name": "customer_address",
                          "Schema": "public",
                          "Alias": "customer_address",
                          "Startup Cost": 0.00,
                          "Total Cost": 96365.67,
                          "Plan Rows": 189,
                          "Plan Width": 17,
                          "Actual Startup Time": 316.546,
                          "Actual Total Time": 316.546,
                          "Actual Rows": 0,
                          "Actual Loops": 3,
                          "Output": ["customer_address.appl_id"],
                          "Filter": "((customer_address.appl_id)::text ~~* '%foo%'::text)",
                          "Rows Removed by Filter": 1510258,
                          "Shared Hit Blocks": 15894,
                          "Shared Read Blocks": 56874,
                          "Shared Dirtied Blocks": 0,
                          "Shared Written Blocks": 0,
                          "Local Hit Blocks": 0,
                          "Local Read Blocks": 0,
                          "Local Dirtied Blocks": 0,
                          "Local Written Blocks": 0,
                          "Temp Read Blocks": 0,
                          "Temp Written Blocks": 0,
                          "Workers": [
                            {
                              "Worker Number": 0,
                              "Actual Startup Time": 315.192,
                              "Actual Total Time": 315.192,
                              "Actual Rows": 0,
                              "Actual Loops": 1,
                              "Shared Hit Blocks": 5199,
                              "Shared Read Blocks": 18573,
                              "Shared Dirtied Blocks": 0,
                              "Shared Written Blocks": 0,
                              "Local Hit Blocks": 0,
                              "Local Read Blocks": 0,
                              "Local Dirtied Blocks": 0,
                              "Local Written Blocks": 0,
                              "Temp Read Blocks": 0,
                              "Temp Written Blocks": 0
                            },
                            {
                              "Worker Number": 1,
                              "Actual Startup Time": 315.177,
                              "Actual Total Time": 315.177,
                              "Actual Rows": 0,
                              "Actual Loops": 1,
                              "Shared Hit Blocks": 5367,
                              "Shared Read Blocks": 19228,
                              "Shared Dirtied Blocks": 0,
                              "Shared Written Blocks": 0,
                              "Local Hit Blocks": 0,
                              "Local Read Blocks": 0,
                              "Local Dirtied Blocks": 0,
                              "Local Written Blocks": 0,
                              "Temp Read Blocks": 0,
                              "Temp Written Blocks": 0
                            }
                          ]
                        }
                      ]
                    }
                  ]
                }
              ]
            }
          ]
        }
      ]
    },
    "Planning": {
      "Shared Hit Blocks": 107,
      "Shared Read Blocks": 10,
      "Shared Dirtied Blocks": 0,
      "Shared Written Blocks": 0,
      "Local Hit Blocks": 0,
      "Local Read Blocks": 0,
      "Local Dirtied Blocks": 0,
      "Local Written Blocks": 0,
      "Temp Read Blocks": 0,
      "Temp Written Blocks": 0
    },
    "Planning Time": 0.341,
    "Triggers": [
    ],
    "Execution Time": 324.103
  }
]
