[
  {
    "Plan": {
      "Node Type": "Limit",
      "Parallel Aware": false,
      "Async Capable": false,
      "Startup Cost": 0.43,
      "Total Cost": 8.90,
      "Plan Rows": 50,
      "Plan Width": 17,
      "Actual Startup Time": 0.043,
      "Actual Total Time": 0.288,
      "Actual Rows": 50,
      "Actual Loops": 1,
      "Output": ["appl_id"],
      "Shared Hit Blocks": 12,
      "Shared Read Blocks": 49,
      "Shared Dirtied Blocks": 0,
      "Shared Written Blocks": 0,
      "Local Hit Blocks": 0,
      "Local Read Blocks": 0,
      "Local Dirtied Blocks": 0,
      "Local Written Blocks": 0,
      "Temp Read Blocks": 0,
      "Temp Written Blocks": 0,
      "Plans": [
        {
          "Node Type": "Unique",
          "Parent Relationship": "Outer",
          "Parallel Aware": false,
          "Async Capable": false,
          "Startup Cost": 0.43,
          "Total Cost": 455868.34,
          "Plan Rows": 2690581,
          "Plan Width": 17,
          "Actual Startup Time": 0.042,
          "Actual Total Time": 0.284,
          "Actual Rows": 50,
          "Actual Loops": 1,
          "Output": ["appl_id"],
          "Shared Hit Blocks": 12,
          "Shared Read Blocks": 49,
          "Shared Dirtied Blocks": 0,
          "Shared Written Blocks": 0,
          "Local Hit Blocks": 0,
          "Local Read Blocks": 0,
          "Local Dirtied Blocks": 0,
          "Local Written Blocks": 0,
          "Temp Read Blocks": 0,
          "Temp Written Blocks": 0,
          "Plans": [
            {
              "Node Type": "Index Only Scan",
              "Parent Relationship": "Outer",
              "Parallel Aware": false,
              "Async Capable": false,
              "Scan Direction": "Forward",
              "Index Name": "customer_address_appl_id_idx",
              "Relation Name": "customer_address",
              "Schema": "public",
              "Alias": "customer_address",
              "Startup Cost": 0.43,
              "Total Cost": 444541.46,
              "Plan Rows": 4530752,
              "Plan Width": 17,
              "Actual Startup Time": 0.040,
              "Actual Total Time": 0.269,
              "Actual Rows": 58,
              "Actual Loops": 1,
              "Output": ["appl_id"],
              "Index Cond": "(customer_address.appl_id IS NOT NULL)",
              "Rows Removed by Index Recheck": 0,
              "Heap Fetches": 58,
              "Shared Hit Blocks": 12,
              "Shared Read Blocks": 49,
              "Shared Dirtied Blocks": 0,
              "Shared Written Blocks": 0,
              "Local Hit Blocks": 0,
              "Local Read Blocks": 0,
              "Local Dirtied Blocks": 0,
              "Local Written Blocks": 0,
              "Temp Read Blocks": 0,
              "Temp Written Blocks": 0
            }
          ]
        }
      ]
    },
    "Planning": {
      "Shared Hit Blocks": 80,
      "Shared Read Blocks": 28,
      "Shared Dirtied Blocks": 0,
      "Shared Written Blocks": 0,
      "Local Hit Blocks": 0,
      "Local Read Blocks": 0,
      "Local Dirtied Blocks": 0,
      "Local Written Blocks": 0,
      "Temp Read Blocks": 0,
      "Temp Written Blocks": 0
    },
    "Planning Time": 0.781,
    "Triggers": [
    ],
    "Execution Time": 0.353
  }
]
